生成启动时间为 2015/9/11 9:14:39。
     1>项目“D:\快盘\Code\ChanClass\ChanClass\ChanClass.vcxproj”在节点 2 上(build 个目标)。
     1>InitializeBuildStatus:
         正在创建“Release\ChanClass.unsuccessfulbuild”，因为已指定“AlwaysCreate”。
       ClCompile:
         所有输出均为最新。
         C:\Program Files (x86)\Microsoft Visual Studio 10.0\VC\bin\CL.exe /c /Zi /nologo /W3 /WX- /O2 /Oi /Oy- /GL /D WIN32 /D NDEBUG /D _CONSOLE /D _UNICODE /D UNICODE /Gm- /EHsc /MD /GS /Gy /fp:precise /Zc:wchar_t /Zc:forScope /Yu"StdAfx.h" /Fp"Release\ChanClass.pch" /Fo"Release\\" /Fd"Release\vc100.pdb" /Gd /TP /analyze- /errorReport:prompt ChanModel.cpp
         ChanModel.cpp
     1>ChanModel.cpp(35): warning C4101: “iSecond”: 未引用的局部变量
     1>ChanModel.cpp(34): warning C4101: “iFirst”: 未引用的局部变量
       Link:
         C:\Program Files (x86)\Microsoft Visual Studio 10.0\VC\bin\link.exe /ERRORREPORT:PROMPT /OUT:"D:\快盘\Code\ChanClass\Release\ChanClass.exe" /INCREMENTAL:NO /NOLOGO kernel32.lib user32.lib gdi32.lib winspool.lib comdlg32.lib advapi32.lib shell32.lib ole32.lib oleaut32.lib uuid.lib odbc32.lib odbccp32.lib /MANIFEST /ManifestFile:"Release\ChanClass.exe.intermediate.manifest" /MANIFESTUAC:"level='asInvoker' uiAccess='false'" /DEBUG /PDB:"D:\快盘\Code\ChanClass\Release\ChanClass.pdb" /SUBSYSTEM:CONSOLE /OPT:REF /OPT:ICF /LTCG /TLBID:1 /DYNAMICBASE /NXCOMPAT /IMPLIB:"D:\快盘\Code\ChanClass\Release\ChanClass.lib" /MACHINE:X86 Release\ChanClass.obj
         Release\ChanModel.obj
         Release\stdafx.obj
         正在生成代码
         已完成代码的生成
         ChanClass.vcxproj -> D:\快盘\Code\ChanClass\Release\ChanClass.exe
       Manifest:
         C:\Program Files (x86)\Microsoft SDKs\Windows\v7.0A\bin\mt.exe /nologo /verbose /outputresource:"D:\快盘\Code\ChanClass\Release\ChanClass.exe;#1" /manifest Release\ChanClass.exe.intermediate.manifest
       FinalizeBuildStatus:
         正在删除文件“Release\ChanClass.unsuccessfulbuild”。
         正在对“Release\ChanClass.lastbuildstate”执行 Touch 任务。
     1>已完成生成项目“D:\快盘\Code\ChanClass\ChanClass\ChanClass.vcxproj”(build 个目标)的操作。

生成成功。

已用时间 00:00:00.52
